2017-11-14 16:31:24,667 [main] DEBUG [org.apache.commons.beanutils.converters.BooleanConverter] - Setting default value: false
2017-11-14 16:31:24,668 [main] DEBUG [org.apache.commons.beanutils.converters.BooleanConverter] - Converting 'Boolean' value 'false' to type 'Boolean'
2017-11-14 16:31:24,668 [main] DEBUG [org.apache.commons.beanutils.converters.BooleanConverter] -     No conversion required, value is already a Boolean
2017-11-14 16:31:24,670 [main] DEBUG [org.apache.commons.beanutils.converters.ByteConverter] - Setting default value: 0
2017-11-14 16:31:24,670 [main] DEBUG [org.apache.commons.beanutils.converters.ByteConverter] - Converting 'Integer' value '0' to type 'Byte'
2017-11-14 16:31:24,670 [main] DEBUG [org.apache.commons.beanutils.converters.ByteConverter] -     Converted to Byte value '0'
2017-11-14 16:31:24,671 [main] DEBUG [org.apache.commons.beanutils.converters.CharacterConverter] - Setting default value:  
2017-11-14 16:31:24,671 [main] DEBUG [org.apache.commons.beanutils.converters.CharacterConverter] - Converting 'Character' value ' ' to type 'Character'
2017-11-14 16:31:24,671 [main] DEBUG [org.apache.commons.beanutils.converters.CharacterConverter] -     No conversion required, value is already a Character
2017-11-14 16:31:24,671 [main] DEBUG [org.apache.commons.beanutils.converters.DoubleConverter] - Setting default value: 0
2017-11-14 16:31:24,672 [main] DEBUG [org.apache.commons.beanutils.converters.DoubleConverter] - Converting 'Integer' value '0' to type 'Double'
2017-11-14 16:31:24,672 [main] DEBUG [org.apache.commons.beanutils.converters.DoubleConverter] -     Converted to Double value '0.0'
2017-11-14 16:31:24,672 [main] DEBUG [org.apache.commons.beanutils.converters.FloatConverter] - Setting default value: 0
2017-11-14 16:31:24,673 [main] DEBUG [org.apache.commons.beanutils.converters.FloatConverter] - Converting 'Integer' value '0' to type 'Float'
2017-11-14 16:31:24,673 [main] DEBUG [org.apache.commons.beanutils.converters.FloatConverter] -     Converted to Float value '0.0'
2017-11-14 16:31:24,676 [main] DEBUG [org.apache.commons.beanutils.converters.IntegerConverter] - Setting default value: 0
2017-11-14 16:31:24,676 [main] DEBUG [org.apache.commons.beanutils.converters.IntegerConverter] - Converting 'Integer' value '0' to type 'Integer'
2017-11-14 16:31:24,676 [main] DEBUG [org.apache.commons.beanutils.converters.IntegerConverter] -     No conversion required, value is already a Integer
2017-11-14 16:31:24,676 [main] DEBUG [org.apache.commons.beanutils.converters.LongConverter] - Setting default value: 0
2017-11-14 16:31:24,677 [main] DEBUG [org.apache.commons.beanutils.converters.LongConverter] - Converting 'Integer' value '0' to type 'Long'
2017-11-14 16:31:24,677 [main] DEBUG [org.apache.commons.beanutils.converters.LongConverter] -     Converted to Long value '0'
2017-11-14 16:31:24,678 [main] DEBUG [org.apache.commons.beanutils.converters.ShortConverter] - Setting default value: 0
2017-11-14 16:31:24,678 [main] DEBUG [org.apache.commons.beanutils.converters.ShortConverter] - Converting 'Integer' value '0' to type 'Short'
2017-11-14 16:31:24,678 [main] DEBUG [org.apache.commons.beanutils.converters.ShortConverter] -     Converted to Short value '0'
2017-11-14 16:31:24,679 [main] DEBUG [org.apache.commons.beanutils.converters.BigDecimalConverter] - Setting default value: 0.0
2017-11-14 16:31:24,679 [main] DEBUG [org.apache.commons.beanutils.converters.BigDecimalConverter] - Converting 'BigDecimal' value '0.0' to type 'BigDecimal'
2017-11-14 16:31:24,679 [main] DEBUG [org.apache.commons.beanutils.converters.BigDecimalConverter] -     No conversion required, value is already a BigDecimal
2017-11-14 16:31:24,681 [main] DEBUG [org.apache.commons.beanutils.converters.BigIntegerConverter] - Setting default value: 0
2017-11-14 16:31:24,682 [main] DEBUG [org.apache.commons.beanutils.converters.BigIntegerConverter] - Converting 'BigInteger' value '0' to type 'BigInteger'
2017-11-14 16:31:24,682 [main] DEBUG [org.apache.commons.beanutils.converters.BigIntegerConverter] -     No conversion required, value is already a BigInteger
2017-11-14 16:31:24,682 [main] DEBUG [org.apache.commons.beanutils.converters.BooleanConverter] - Setting default value: false
2017-11-14 16:31:24,683 [main] DEBUG [org.apache.commons.beanutils.converters.BooleanConverter] - Converting 'Boolean' value 'false' to type 'Boolean'
2017-11-14 16:31:24,683 [main] DEBUG [org.apache.commons.beanutils.converters.BooleanConverter] -     No conversion required, value is already a Boolean
2017-11-14 16:31:24,684 [main] DEBUG [org.apache.commons.beanutils.converters.ByteConverter] - Setting default value: 0
2017-11-14 16:31:24,684 [main] DEBUG [org.apache.commons.beanutils.converters.ByteConverter] - Converting 'Integer' value '0' to type 'Byte'
2017-11-14 16:31:24,684 [main] DEBUG [org.apache.commons.beanutils.converters.ByteConverter] -     Converted to Byte value '0'
2017-11-14 16:31:24,684 [main] DEBUG [org.apache.commons.beanutils.converters.CharacterConverter] - Setting default value:  
2017-11-14 16:31:24,684 [main] DEBUG [org.apache.commons.beanutils.converters.CharacterConverter] - Converting 'Character' value ' ' to type 'Character'
2017-11-14 16:31:24,684 [main] DEBUG [org.apache.commons.beanutils.converters.CharacterConverter] -     No conversion required, value is already a Character
2017-11-14 16:31:24,684 [main] DEBUG [org.apache.commons.beanutils.converters.DoubleConverter] - Setting default value: 0
2017-11-14 16:31:24,684 [main] DEBUG [org.apache.commons.beanutils.converters.DoubleConverter] - Converting 'Integer' value '0' to type 'Double'
2017-11-14 16:31:24,684 [main] DEBUG [org.apache.commons.beanutils.converters.DoubleConverter] -     Converted to Double value '0.0'
2017-11-14 16:31:24,684 [main] DEBUG [org.apache.commons.beanutils.converters.FloatConverter] - Setting default value: 0
2017-11-14 16:31:24,685 [main] DEBUG [org.apache.commons.beanutils.converters.FloatConverter] - Converting 'Integer' value '0' to type 'Float'
2017-11-14 16:31:24,685 [main] DEBUG [org.apache.commons.beanutils.converters.FloatConverter] -     Converted to Float value '0.0'
2017-11-14 16:31:24,685 [main] DEBUG [org.apache.commons.beanutils.converters.IntegerConverter] - Setting default value: 0
2017-11-14 16:31:24,685 [main] DEBUG [org.apache.commons.beanutils.converters.IntegerConverter] - Converting 'Integer' value '0' to type 'Integer'
2017-11-14 16:31:24,685 [main] DEBUG [org.apache.commons.beanutils.converters.IntegerConverter] -     No conversion required, value is already a Integer
2017-11-14 16:31:24,685 [main] DEBUG [org.apache.commons.beanutils.converters.LongConverter] - Setting default value: 0
2017-11-14 16:31:24,685 [main] DEBUG [org.apache.commons.beanutils.converters.LongConverter] - Converting 'Integer' value '0' to type 'Long'
2017-11-14 16:31:24,685 [main] DEBUG [org.apache.commons.beanutils.converters.LongConverter] -     Converted to Long value '0'
2017-11-14 16:31:24,685 [main] DEBUG [org.apache.commons.beanutils.converters.ShortConverter] - Setting default value: 0
2017-11-14 16:31:24,685 [main] DEBUG [org.apache.commons.beanutils.converters.ShortConverter] - Converting 'Integer' value '0' to type 'Short'
2017-11-14 16:31:24,685 [main] DEBUG [org.apache.commons.beanutils.converters.ShortConverter] -     Converted to Short value '0'
2017-11-14 16:31:24,689 [main] DEBUG [org.apache.commons.beanutils.converters.StringConverter] - Setting default value: 
2017-11-14 16:31:24,689 [main] DEBUG [org.apache.commons.beanutils.converters.StringConverter] - Converting 'String' value '' to type 'String'
2017-11-14 16:31:24,706 [main] DEBUG [org.apache.commons.beanutils.converters.ArrayConverter] - Setting default value: [Z@215be6bb
2017-11-14 16:31:24,706 [main] DEBUG [org.apache.commons.beanutils.converters.ArrayConverter] - Converting 'boolean[]' value '[Z@215be6bb' to type 'boolean[]'
2017-11-14 16:31:24,706 [main] DEBUG [org.apache.commons.beanutils.converters.ArrayConverter] -     No conversion required, value is already a boolean[]
2017-11-14 16:31:24,706 [main] DEBUG [org.apache.commons.beanutils.converters.ArrayConverter] - Setting default value: [B@4439f31e
2017-11-14 16:31:24,707 [main] DEBUG [org.apache.commons.beanutils.converters.ArrayConverter] - Converting 'byte[]' value '[B@4439f31e' to type 'byte[]'
2017-11-14 16:31:24,707 [main] DEBUG [org.apache.commons.beanutils.converters.ArrayConverter] -     No conversion required, value is already a byte[]
2017-11-14 16:31:24,707 [main] DEBUG [org.apache.commons.beanutils.converters.ArrayConverter] - Setting default value: [C@5dfcfece
2017-11-14 16:31:24,708 [main] DEBUG [org.apache.commons.beanutils.converters.ArrayConverter] - Converting 'char[]' value '[C@5dfcfece' to type 'char[]'
2017-11-14 16:31:24,708 [main] DEBUG [org.apache.commons.beanutils.converters.ArrayConverter] -     No conversion required, value is already a char[]
2017-11-14 16:31:24,708 [main] DEBUG [org.apache.commons.beanutils.converters.ArrayConverter] - Setting default value: [D@23ceabc1
2017-11-14 16:31:24,708 [main] DEBUG [org.apache.commons.beanutils.converters.ArrayConverter] - Converting 'double[]' value '[D@23ceabc1' to type 'double[]'
2017-11-14 16:31:24,708 [main] DEBUG [org.apache.commons.beanutils.converters.ArrayConverter] -     No conversion required, value is already a double[]
2017-11-14 16:31:24,708 [main] DEBUG [org.apache.commons.beanutils.converters.ArrayConverter] - Setting default value: [F@5d5eef3d
2017-11-14 16:31:24,708 [main] DEBUG [org.apache.commons.beanutils.converters.ArrayConverter] - Converting 'float[]' value '[F@5d5eef3d' to type 'float[]'
2017-11-14 16:31:24,708 [main] DEBUG [org.apache.commons.beanutils.converters.ArrayConverter] -     No conversion required, value is already a float[]
2017-11-14 16:31:24,708 [main] DEBUG [org.apache.commons.beanutils.converters.ArrayConverter] - Setting default value: [I@56f4468b
2017-11-14 16:31:24,708 [main] DEBUG [org.apache.commons.beanutils.converters.ArrayConverter] - Converting 'int[]' value '[I@56f4468b' to type 'int[]'
2017-11-14 16:31:24,708 [main] DEBUG [org.apache.commons.beanutils.converters.ArrayConverter] -     No conversion required, value is already a int[]
2017-11-14 16:31:24,709 [main] DEBUG [org.apache.commons.beanutils.converters.ArrayConverter] - Setting default value: [J@6cc4c815
2017-11-14 16:31:24,710 [main] DEBUG [org.apache.commons.beanutils.converters.ArrayConverter] - Converting 'long[]' value '[J@6cc4c815' to type 'long[]'
2017-11-14 16:31:24,710 [main] DEBUG [org.apache.commons.beanutils.converters.ArrayConverter] -     No conversion required, value is already a long[]
2017-11-14 16:31:24,710 [main] DEBUG [org.apache.commons.beanutils.converters.ArrayConverter] - Setting default value: [S@3a82f6ef
2017-11-14 16:31:24,712 [main] DEBUG [org.apache.commons.beanutils.converters.ArrayConverter] - Converting 'short[]' value '[S@3a82f6ef' to type 'short[]'
2017-11-14 16:31:24,712 [main] DEBUG [org.apache.commons.beanutils.converters.ArrayConverter] -     No conversion required, value is already a short[]
2017-11-14 16:31:24,712 [main] DEBUG [org.apache.commons.beanutils.converters.ArrayConverter] - Setting default value: [Ljava.math.BigDecimal;@100fc185
2017-11-14 16:31:24,712 [main] DEBUG [org.apache.commons.beanutils.converters.ArrayConverter] - Converting 'BigDecimal[]' value '[Ljava.math.BigDecimal;@100fc185' to type 'BigDecimal[]'
2017-11-14 16:31:24,712 [main] DEBUG [org.apache.commons.beanutils.converters.ArrayConverter] -     No conversion required, value is already a BigDecimal[]
2017-11-14 16:31:24,712 [main] DEBUG [org.apache.commons.beanutils.converters.ArrayConverter] - Setting default value: [Ljava.math.BigInteger;@643b1d11
2017-11-14 16:31:24,712 [main] DEBUG [org.apache.commons.beanutils.converters.ArrayConverter] - Converting 'BigInteger[]' value '[Ljava.math.BigInteger;@643b1d11' to type 'BigInteger[]'
2017-11-14 16:31:24,712 [main] DEBUG [org.apache.commons.beanutils.converters.ArrayConverter] -     No conversion required, value is already a BigInteger[]
2017-11-14 16:31:24,712 [main] DEBUG [org.apache.commons.beanutils.converters.ArrayConverter] - Setting default value: [Ljava.lang.Boolean;@2ef5e5e3
2017-11-14 16:31:24,712 [main] DEBUG [org.apache.commons.beanutils.converters.ArrayConverter] - Converting 'Boolean[]' value '[Ljava.lang.Boolean;@2ef5e5e3' to type 'Boolean[]'
2017-11-14 16:31:24,712 [main] DEBUG [org.apache.commons.beanutils.converters.ArrayConverter] -     No conversion required, value is already a Boolean[]
2017-11-14 16:31:24,713 [main] DEBUG [org.apache.commons.beanutils.converters.ArrayConverter] - Setting default value: [Ljava.lang.Byte;@36d4b5c
2017-11-14 16:31:24,713 [main] DEBUG [org.apache.commons.beanutils.converters.ArrayConverter] - Converting 'Byte[]' value '[Ljava.lang.Byte;@36d4b5c' to type 'Byte[]'
2017-11-14 16:31:24,713 [main] DEBUG [org.apache.commons.beanutils.converters.ArrayConverter] -     No conversion required, value is already a Byte[]
2017-11-14 16:31:24,713 [main] DEBUG [org.apache.commons.beanutils.converters.ArrayConverter] - Setting default value: [Ljava.lang.Character;@6d00a15d
2017-11-14 16:31:24,713 [main] DEBUG [org.apache.commons.beanutils.converters.ArrayConverter] - Converting 'Character[]' value '[Ljava.lang.Character;@6d00a15d' to type 'Character[]'
2017-11-14 16:31:24,713 [main] DEBUG [org.apache.commons.beanutils.converters.ArrayConverter] -     No conversion required, value is already a Character[]
2017-11-14 16:31:24,713 [main] DEBUG [org.apache.commons.beanutils.converters.ArrayConverter] - Setting default value: [Ljava.lang.Double;@51efea79
2017-11-14 16:31:24,713 [main] DEBUG [org.apache.commons.beanutils.converters.ArrayConverter] - Converting 'Double[]' value '[Ljava.lang.Double;@51efea79' to type 'Double[]'
2017-11-14 16:31:24,713 [main] DEBUG [org.apache.commons.beanutils.converters.ArrayConverter] -     No conversion required, value is already a Double[]
2017-11-14 16:31:24,713 [main] DEBUG [org.apache.commons.beanutils.converters.ArrayConverter] - Setting default value: [Ljava.lang.Float;@5034c75a
2017-11-14 16:31:24,713 [main] DEBUG [org.apache.commons.beanutils.converters.ArrayConverter] - Converting 'Float[]' value '[Ljava.lang.Float;@5034c75a' to type 'Float[]'
2017-11-14 16:31:24,713 [main] DEBUG [org.apache.commons.beanutils.converters.ArrayConverter] -     No conversion required, value is already a Float[]
2017-11-14 16:31:24,713 [main] DEBUG [org.apache.commons.beanutils.converters.ArrayConverter] - Setting default value: [Ljava.lang.Integer;@396a51ab
2017-11-14 16:31:24,713 [main] DEBUG [org.apache.commons.beanutils.converters.ArrayConverter] - Converting 'Integer[]' value '[Ljava.lang.Integer;@396a51ab' to type 'Integer[]'
2017-11-14 16:31:24,713 [main] DEBUG [org.apache.commons.beanutils.converters.ArrayConverter] -     No conversion required, value is already a Integer[]
2017-11-14 16:31:24,719 [main] DEBUG [org.apache.commons.beanutils.converters.ArrayConverter] - Setting default value: [Ljava.lang.Long;@51081592
2017-11-14 16:31:24,719 [main] DEBUG [org.apache.commons.beanutils.converters.ArrayConverter] - Converting 'Long[]' value '[Ljava.lang.Long;@51081592' to type 'Long[]'
2017-11-14 16:31:24,719 [main] DEBUG [org.apache.commons.beanutils.converters.ArrayConverter] -     No conversion required, value is already a Long[]
2017-11-14 16:31:24,720 [main] DEBUG [org.apache.commons.beanutils.converters.ArrayConverter] - Setting default value: [Ljava.lang.Short;@7f9a81e8
2017-11-14 16:31:24,720 [main] DEBUG [org.apache.commons.beanutils.converters.ArrayConverter] - Converting 'Short[]' value '[Ljava.lang.Short;@7f9a81e8' to type 'Short[]'
2017-11-14 16:31:24,720 [main] DEBUG [org.apache.commons.beanutils.converters.ArrayConverter] -     No conversion required, value is already a Short[]
2017-11-14 16:31:24,720 [main] DEBUG [org.apache.commons.beanutils.converters.ArrayConverter] - Setting default value: [Ljava.lang.String;@9629756
2017-11-14 16:31:24,721 [main] DEBUG [org.apache.commons.beanutils.converters.ArrayConverter] - Converting 'String[]' value '[Ljava.lang.String;@9629756' to type 'String[]'
2017-11-14 16:31:24,721 [main] DEBUG [org.apache.commons.beanutils.converters.ArrayConverter] -     No conversion required, value is already a String[]
2017-11-14 16:31:24,721 [main] DEBUG [org.apache.commons.beanutils.converters.ArrayConverter] - Setting default value: [Ljava.lang.Class;@62ee68d8
2017-11-14 16:31:24,721 [main] DEBUG [org.apache.commons.beanutils.converters.ArrayConverter] - Converting 'Class[]' value '[Ljava.lang.Class;@62ee68d8' to type 'Class[]'
2017-11-14 16:31:24,721 [main] DEBUG [org.apache.commons.beanutils.converters.ArrayConverter] -     No conversion required, value is already a Class[]
2017-11-14 16:31:24,721 [main] DEBUG [org.apache.commons.beanutils.converters.ArrayConverter] - Setting default value: [Ljava.util.Date;@735b5592
2017-11-14 16:31:24,721 [main] DEBUG [org.apache.commons.beanutils.converters.ArrayConverter] - Converting 'Date[]' value '[Ljava.util.Date;@735b5592' to type 'Date[]'
2017-11-14 16:31:24,722 [main] DEBUG [org.apache.commons.beanutils.converters.ArrayConverter] -     No conversion required, value is already a Date[]
2017-11-14 16:31:24,722 [main] DEBUG [org.apache.commons.beanutils.converters.ArrayConverter] - Setting default value: [Ljava.util.Calendar;@4520ebad
2017-11-14 16:31:24,722 [main] DEBUG [org.apache.commons.beanutils.converters.ArrayConverter] - Converting 'Calendar[]' value '[Ljava.util.Calendar;@4520ebad' to type 'Calendar[]'
2017-11-14 16:31:24,722 [main] DEBUG [org.apache.commons.beanutils.converters.ArrayConverter] -     No conversion required, value is already a Calendar[]
2017-11-14 16:31:24,722 [main] DEBUG [org.apache.commons.beanutils.converters.ArrayConverter] - Setting default value: [Ljava.io.File;@7dc7cbad
2017-11-14 16:31:24,722 [main] DEBUG [org.apache.commons.beanutils.converters.ArrayConverter] - Converting 'java.io.File[]' value '[Ljava.io.File;@7dc7cbad' to type 'java.io.File[]'
2017-11-14 16:31:24,722 [main] DEBUG [org.apache.commons.beanutils.converters.ArrayConverter] -     No conversion required, value is already a java.io.File[]
2017-11-14 16:31:24,722 [main] DEBUG [org.apache.commons.beanutils.converters.ArrayConverter] - Setting default value: [Ljava.sql.Date;@4f933fd1
2017-11-14 16:31:24,722 [main] DEBUG [org.apache.commons.beanutils.converters.ArrayConverter] - Converting 'java.sql.Date[]' value '[Ljava.sql.Date;@4f933fd1' to type 'java.sql.Date[]'
2017-11-14 16:31:24,722 [main] DEBUG [org.apache.commons.beanutils.converters.ArrayConverter] -     No conversion required, value is already a java.sql.Date[]
2017-11-14 16:31:24,724 [main] DEBUG [org.apache.commons.beanutils.converters.ArrayConverter] - Setting default value: [Ljava.sql.Time;@1753acfe
2017-11-14 16:31:24,724 [main] DEBUG [org.apache.commons.beanutils.converters.ArrayConverter] - Converting 'java.sql.Time[]' value '[Ljava.sql.Time;@1753acfe' to type 'java.sql.Time[]'
2017-11-14 16:31:24,724 [main] DEBUG [org.apache.commons.beanutils.converters.ArrayConverter] -     No conversion required, value is already a java.sql.Time[]
2017-11-14 16:31:24,726 [main] DEBUG [org.apache.commons.beanutils.converters.ArrayConverter] - Setting default value: [Ljava.sql.Timestamp;@2a2d45ba
2017-11-14 16:31:24,726 [main] DEBUG [org.apache.commons.beanutils.converters.ArrayConverter] - Converting 'java.sql.Timestamp[]' value '[Ljava.sql.Timestamp;@2a2d45ba' to type 'java.sql.Timestamp[]'
2017-11-14 16:31:24,726 [main] DEBUG [org.apache.commons.beanutils.converters.ArrayConverter] -     No conversion required, value is already a java.sql.Timestamp[]
2017-11-14 16:31:24,726 [main] DEBUG [org.apache.commons.beanutils.converters.ArrayConverter] - Setting default value: [Ljava.net.URL;@20e2cbe0
2017-11-14 16:31:24,727 [main] DEBUG [org.apache.commons.beanutils.converters.ArrayConverter] - Converting 'java.net.URL[]' value '[Ljava.net.URL;@20e2cbe0' to type 'java.net.URL[]'
2017-11-14 16:31:24,727 [main] DEBUG [org.apache.commons.beanutils.converters.ArrayConverter] -     No conversion required, value is already a java.net.URL[]
2017-11-14 16:32:25,979 [main] DEBUG [org.apache.commons.beanutils.converters.BooleanConverter] - Setting default value: false
2017-11-14 16:32:25,980 [main] DEBUG [org.apache.commons.beanutils.converters.BooleanConverter] - Converting 'Boolean' value 'false' to type 'Boolean'
2017-11-14 16:32:25,980 [main] DEBUG [org.apache.commons.beanutils.converters.BooleanConverter] -     No conversion required, value is already a Boolean
2017-11-14 16:32:25,982 [main] DEBUG [org.apache.commons.beanutils.converters.ByteConverter] - Setting default value: 0
2017-11-14 16:32:25,982 [main] DEBUG [org.apache.commons.beanutils.converters.ByteConverter] - Converting 'Integer' value '0' to type 'Byte'
2017-11-14 16:32:25,982 [main] DEBUG [org.apache.commons.beanutils.converters.ByteConverter] -     Converted to Byte value '0'
2017-11-14 16:32:25,983 [main] DEBUG [org.apache.commons.beanutils.converters.CharacterConverter] - Setting default value:  
2017-11-14 16:32:25,983 [main] DEBUG [org.apache.commons.beanutils.converters.CharacterConverter] - Converting 'Character' value ' ' to type 'Character'
2017-11-14 16:32:25,983 [main] DEBUG [org.apache.commons.beanutils.converters.CharacterConverter] -     No conversion required, value is already a Character
2017-11-14 16:32:25,983 [main] DEBUG [org.apache.commons.beanutils.converters.DoubleConverter] - Setting default value: 0
2017-11-14 16:32:25,984 [main] DEBUG [org.apache.commons.beanutils.converters.DoubleConverter] - Converting 'Integer' value '0' to type 'Double'
2017-11-14 16:32:25,984 [main] DEBUG [org.apache.commons.beanutils.converters.DoubleConverter] -     Converted to Double value '0.0'
2017-11-14 16:32:25,985 [main] DEBUG [org.apache.commons.beanutils.converters.FloatConverter] - Setting default value: 0
2017-11-14 16:32:25,987 [main] DEBUG [org.apache.commons.beanutils.converters.FloatConverter] - Converting 'Integer' value '0' to type 'Float'
2017-11-14 16:32:25,987 [main] DEBUG [org.apache.commons.beanutils.converters.FloatConverter] -     Converted to Float value '0.0'
2017-11-14 16:32:25,988 [main] DEBUG [org.apache.commons.beanutils.converters.IntegerConverter] - Setting default value: 0
2017-11-14 16:32:25,988 [main] DEBUG [org.apache.commons.beanutils.converters.IntegerConverter] - Converting 'Integer' value '0' to type 'Integer'
2017-11-14 16:32:25,988 [main] DEBUG [org.apache.commons.beanutils.converters.IntegerConverter] -     No conversion required, value is already a Integer
2017-11-14 16:32:25,990 [main] DEBUG [org.apache.commons.beanutils.converters.LongConverter] - Setting default value: 0
2017-11-14 16:32:25,990 [main] DEBUG [org.apache.commons.beanutils.converters.LongConverter] - Converting 'Integer' value '0' to type 'Long'
2017-11-14 16:32:25,991 [main] DEBUG [org.apache.commons.beanutils.converters.LongConverter] -     Converted to Long value '0'
2017-11-14 16:32:26,000 [main] DEBUG [org.apache.commons.beanutils.converters.ShortConverter] - Setting default value: 0
2017-11-14 16:32:26,000 [main] DEBUG [org.apache.commons.beanutils.converters.ShortConverter] - Converting 'Integer' value '0' to type 'Short'
2017-11-14 16:32:26,000 [main] DEBUG [org.apache.commons.beanutils.converters.ShortConverter] -     Converted to Short value '0'
2017-11-14 16:32:26,001 [main] DEBUG [org.apache.commons.beanutils.converters.BigDecimalConverter] - Setting default value: 0.0
2017-11-14 16:32:26,001 [main] DEBUG [org.apache.commons.beanutils.converters.BigDecimalConverter] - Converting 'BigDecimal' value '0.0' to type 'BigDecimal'
2017-11-14 16:32:26,003 [main] DEBUG [org.apache.commons.beanutils.converters.BigDecimalConverter] -     No conversion required, value is already a BigDecimal
2017-11-14 16:32:26,004 [main] DEBUG [org.apache.commons.beanutils.converters.BigIntegerConverter] - Setting default value: 0
2017-11-14 16:32:26,004 [main] DEBUG [org.apache.commons.beanutils.converters.BigIntegerConverter] - Converting 'BigInteger' value '0' to type 'BigInteger'
2017-11-14 16:32:26,004 [main] DEBUG [org.apache.commons.beanutils.converters.BigIntegerConverter] -     No conversion required, value is already a BigInteger
2017-11-14 16:32:26,004 [main] DEBUG [org.apache.commons.beanutils.converters.BooleanConverter] - Setting default value: false
2017-11-14 16:32:26,005 [main] DEBUG [org.apache.commons.beanutils.converters.BooleanConverter] - Converting 'Boolean' value 'false' to type 'Boolean'
2017-11-14 16:32:26,005 [main] DEBUG [org.apache.commons.beanutils.converters.BooleanConverter] -     No conversion required, value is already a Boolean
2017-11-14 16:32:26,005 [main] DEBUG [org.apache.commons.beanutils.converters.ByteConverter] - Setting default value: 0
2017-11-14 16:32:26,005 [main] DEBUG [org.apache.commons.beanutils.converters.ByteConverter] - Converting 'Integer' value '0' to type 'Byte'
2017-11-14 16:32:26,005 [main] DEBUG [org.apache.commons.beanutils.converters.ByteConverter] -     Converted to Byte value '0'
2017-11-14 16:32:26,005 [main] DEBUG [org.apache.commons.beanutils.converters.CharacterConverter] - Setting default value:  
2017-11-14 16:32:26,008 [main] DEBUG [org.apache.commons.beanutils.converters.CharacterConverter] - Converting 'Character' value ' ' to type 'Character'
2017-11-14 16:32:26,008 [main] DEBUG [org.apache.commons.beanutils.converters.CharacterConverter] -     No conversion required, value is already a Character
2017-11-14 16:32:26,008 [main] DEBUG [org.apache.commons.beanutils.converters.DoubleConverter] - Setting default value: 0
2017-11-14 16:32:26,008 [main] DEBUG [org.apache.commons.beanutils.converters.DoubleConverter] - Converting 'Integer' value '0' to type 'Double'
2017-11-14 16:32:26,008 [main] DEBUG [org.apache.commons.beanutils.converters.DoubleConverter] -     Converted to Double value '0.0'
2017-11-14 16:32:26,008 [main] DEBUG [org.apache.commons.beanutils.converters.FloatConverter] - Setting default value: 0
2017-11-14 16:32:26,009 [main] DEBUG [org.apache.commons.beanutils.converters.FloatConverter] - Converting 'Integer' value '0' to type 'Float'
2017-11-14 16:32:26,009 [main] DEBUG [org.apache.commons.beanutils.converters.FloatConverter] -     Converted to Float value '0.0'
2017-11-14 16:32:26,009 [main] DEBUG [org.apache.commons.beanutils.converters.IntegerConverter] - Setting default value: 0
2017-11-14 16:32:26,009 [main] DEBUG [org.apache.commons.beanutils.converters.IntegerConverter] - Converting 'Integer' value '0' to type 'Integer'
2017-11-14 16:32:26,012 [main] DEBUG [org.apache.commons.beanutils.converters.IntegerConverter] -     No conversion required, value is already a Integer
2017-11-14 16:32:26,012 [main] DEBUG [org.apache.commons.beanutils.converters.LongConverter] - Setting default value: 0
2017-11-14 16:32:26,012 [main] DEBUG [org.apache.commons.beanutils.converters.LongConverter] - Converting 'Integer' value '0' to type 'Long'
2017-11-14 16:32:26,012 [main] DEBUG [org.apache.commons.beanutils.converters.LongConverter] -     Converted to Long value '0'
2017-11-14 16:32:26,012 [main] DEBUG [org.apache.commons.beanutils.converters.ShortConverter] - Setting default value: 0
2017-11-14 16:32:26,012 [main] DEBUG [org.apache.commons.beanutils.converters.ShortConverter] - Converting 'Integer' value '0' to type 'Short'
2017-11-14 16:32:26,012 [main] DEBUG [org.apache.commons.beanutils.converters.ShortConverter] -     Converted to Short value '0'
2017-11-14 16:32:26,013 [main] DEBUG [org.apache.commons.beanutils.converters.StringConverter] - Setting default value: 
2017-11-14 16:32:26,013 [main] DEBUG [org.apache.commons.beanutils.converters.StringConverter] - Converting 'String' value '' to type 'String'
2017-11-14 16:32:26,025 [main] DEBUG [org.apache.commons.beanutils.converters.ArrayConverter] - Setting default value: [Z@215be6bb
2017-11-14 16:32:26,025 [main] DEBUG [org.apache.commons.beanutils.converters.ArrayConverter] - Converting 'boolean[]' value '[Z@215be6bb' to type 'boolean[]'
2017-11-14 16:32:26,025 [main] DEBUG [org.apache.commons.beanutils.converters.ArrayConverter] -     No conversion required, value is already a boolean[]
2017-11-14 16:32:26,025 [main] DEBUG [org.apache.commons.beanutils.converters.ArrayConverter] - Setting default value: [B@4439f31e
2017-11-14 16:32:26,026 [main] DEBUG [org.apache.commons.beanutils.converters.ArrayConverter] - Converting 'byte[]' value '[B@4439f31e' to type 'byte[]'
2017-11-14 16:32:26,026 [main] DEBUG [org.apache.commons.beanutils.converters.ArrayConverter] -     No conversion required, value is already a byte[]
2017-11-14 16:32:26,026 [main] DEBUG [org.apache.commons.beanutils.converters.ArrayConverter] - Setting default value: [C@5dfcfece
2017-11-14 16:32:26,026 [main] DEBUG [org.apache.commons.beanutils.converters.ArrayConverter] - Converting 'char[]' value '[C@5dfcfece' to type 'char[]'
2017-11-14 16:32:26,026 [main] DEBUG [org.apache.commons.beanutils.converters.ArrayConverter] -     No conversion required, value is already a char[]
2017-11-14 16:32:26,026 [main] DEBUG [org.apache.commons.beanutils.converters.ArrayConverter] - Setting default value: [D@23ceabc1
2017-11-14 16:32:26,026 [main] DEBUG [org.apache.commons.beanutils.converters.ArrayConverter] - Converting 'double[]' value '[D@23ceabc1' to type 'double[]'
2017-11-14 16:32:26,026 [main] DEBUG [org.apache.commons.beanutils.converters.ArrayConverter] -     No conversion required, value is already a double[]
2017-11-14 16:32:26,026 [main] DEBUG [org.apache.commons.beanutils.converters.ArrayConverter] - Setting default value: [F@5d5eef3d
2017-11-14 16:32:26,026 [main] DEBUG [org.apache.commons.beanutils.converters.ArrayConverter] - Converting 'float[]' value '[F@5d5eef3d' to type 'float[]'
2017-11-14 16:32:26,026 [main] DEBUG [org.apache.commons.beanutils.converters.ArrayConverter] -     No conversion required, value is already a float[]
2017-11-14 16:32:26,026 [main] DEBUG [org.apache.commons.beanutils.converters.ArrayConverter] - Setting default value: [I@56f4468b
2017-11-14 16:32:26,026 [main] DEBUG [org.apache.commons.beanutils.converters.ArrayConverter] - Converting 'int[]' value '[I@56f4468b' to type 'int[]'
2017-11-14 16:32:26,026 [main] DEBUG [org.apache.commons.beanutils.converters.ArrayConverter] -     No conversion required, value is already a int[]
2017-11-14 16:32:26,026 [main] DEBUG [org.apache.commons.beanutils.converters.ArrayConverter] - Setting default value: [J@6cc4c815
2017-11-14 16:32:26,026 [main] DEBUG [org.apache.commons.beanutils.converters.ArrayConverter] - Converting 'long[]' value '[J@6cc4c815' to type 'long[]'
2017-11-14 16:32:26,026 [main] DEBUG [org.apache.commons.beanutils.converters.ArrayConverter] -     No conversion required, value is already a long[]
2017-11-14 16:32:26,026 [main] DEBUG [org.apache.commons.beanutils.converters.ArrayConverter] - Setting default value: [S@3a82f6ef
2017-11-14 16:32:26,027 [main] DEBUG [org.apache.commons.beanutils.converters.ArrayConverter] - Converting 'short[]' value '[S@3a82f6ef' to type 'short[]'
2017-11-14 16:32:26,027 [main] DEBUG [org.apache.commons.beanutils.converters.ArrayConverter] -     No conversion required, value is already a short[]
2017-11-14 16:32:26,027 [main] DEBUG [org.apache.commons.beanutils.converters.ArrayConverter] - Setting default value: [Ljava.math.BigDecimal;@100fc185
2017-11-14 16:32:26,027 [main] DEBUG [org.apache.commons.beanutils.converters.ArrayConverter] - Converting 'BigDecimal[]' value '[Ljava.math.BigDecimal;@100fc185' to type 'BigDecimal[]'
2017-11-14 16:32:26,027 [main] DEBUG [org.apache.commons.beanutils.converters.ArrayConverter] -     No conversion required, value is already a BigDecimal[]
2017-11-14 16:32:26,027 [main] DEBUG [org.apache.commons.beanutils.converters.ArrayConverter] - Setting default value: [Ljava.math.BigInteger;@643b1d11
2017-11-14 16:32:26,027 [main] DEBUG [org.apache.commons.beanutils.converters.ArrayConverter] - Converting 'BigInteger[]' value '[Ljava.math.BigInteger;@643b1d11' to type 'BigInteger[]'
2017-11-14 16:32:26,028 [main] DEBUG [org.apache.commons.beanutils.converters.ArrayConverter] -     No conversion required, value is already a BigInteger[]
2017-11-14 16:32:26,028 [main] DEBUG [org.apache.commons.beanutils.converters.ArrayConverter] - Setting default value: [Ljava.lang.Boolean;@2ef5e5e3
2017-11-14 16:32:26,028 [main] DEBUG [org.apache.commons.beanutils.converters.ArrayConverter] - Converting 'Boolean[]' value '[Ljava.lang.Boolean;@2ef5e5e3' to type 'Boolean[]'
2017-11-14 16:32:26,028 [main] DEBUG [org.apache.commons.beanutils.converters.ArrayConverter] -     No conversion required, value is already a Boolean[]
2017-11-14 16:32:26,029 [main] DEBUG [org.apache.commons.beanutils.converters.ArrayConverter] - Setting default value: [Ljava.lang.Byte;@36d4b5c
2017-11-14 16:32:26,029 [main] DEBUG [org.apache.commons.beanutils.converters.ArrayConverter] - Converting 'Byte[]' value '[Ljava.lang.Byte;@36d4b5c' to type 'Byte[]'
2017-11-14 16:32:26,029 [main] DEBUG [org.apache.commons.beanutils.converters.ArrayConverter] -     No conversion required, value is already a Byte[]
2017-11-14 16:32:26,029 [main] DEBUG [org.apache.commons.beanutils.converters.ArrayConverter] - Setting default value: [Ljava.lang.Character;@6d00a15d
2017-11-14 16:32:26,030 [main] DEBUG [org.apache.commons.beanutils.converters.ArrayConverter] - Converting 'Character[]' value '[Ljava.lang.Character;@6d00a15d' to type 'Character[]'
2017-11-14 16:32:26,030 [main] DEBUG [org.apache.commons.beanutils.converters.ArrayConverter] -     No conversion required, value is already a Character[]
2017-11-14 16:32:26,031 [main] DEBUG [org.apache.commons.beanutils.converters.ArrayConverter] - Setting default value: [Ljava.lang.Double;@51efea79
2017-11-14 16:32:26,031 [main] DEBUG [org.apache.commons.beanutils.converters.ArrayConverter] - Converting 'Double[]' value '[Ljava.lang.Double;@51efea79' to type 'Double[]'
2017-11-14 16:32:26,031 [main] DEBUG [org.apache.commons.beanutils.converters.ArrayConverter] -     No conversion required, value is already a Double[]
2017-11-14 16:32:26,031 [main] DEBUG [org.apache.commons.beanutils.converters.ArrayConverter] - Setting default value: [Ljava.lang.Float;@5034c75a
2017-11-14 16:32:26,031 [main] DEBUG [org.apache.commons.beanutils.converters.ArrayConverter] - Converting 'Float[]' value '[Ljava.lang.Float;@5034c75a' to type 'Float[]'
2017-11-14 16:32:26,031 [main] DEBUG [org.apache.commons.beanutils.converters.ArrayConverter] -     No conversion required, value is already a Float[]
2017-11-14 16:32:26,031 [main] DEBUG [org.apache.commons.beanutils.converters.ArrayConverter] - Setting default value: [Ljava.lang.Integer;@396a51ab
2017-11-14 16:32:26,031 [main] DEBUG [org.apache.commons.beanutils.converters.ArrayConverter] - Converting 'Integer[]' value '[Ljava.lang.Integer;@396a51ab' to type 'Integer[]'
2017-11-14 16:32:26,032 [main] DEBUG [org.apache.commons.beanutils.converters.ArrayConverter] -     No conversion required, value is already a Integer[]
2017-11-14 16:32:26,032 [main] DEBUG [org.apache.commons.beanutils.converters.ArrayConverter] - Setting default value: [Ljava.lang.Long;@51081592
2017-11-14 16:32:26,032 [main] DEBUG [org.apache.commons.beanutils.converters.ArrayConverter] - Converting 'Long[]' value '[Ljava.lang.Long;@51081592' to type 'Long[]'
2017-11-14 16:32:26,032 [main] DEBUG [org.apache.commons.beanutils.converters.ArrayConverter] -     No conversion required, value is already a Long[]
2017-11-14 16:32:26,034 [main] DEBUG [org.apache.commons.beanutils.converters.ArrayConverter] - Setting default value: [Ljava.lang.Short;@7f9a81e8
2017-11-14 16:32:26,034 [main] DEBUG [org.apache.commons.beanutils.converters.ArrayConverter] - Converting 'Short[]' value '[Ljava.lang.Short;@7f9a81e8' to type 'Short[]'
2017-11-14 16:32:26,034 [main] DEBUG [org.apache.commons.beanutils.converters.ArrayConverter] -     No conversion required, value is already a Short[]
2017-11-14 16:32:26,034 [main] DEBUG [org.apache.commons.beanutils.converters.ArrayConverter] - Setting default value: [Ljava.lang.String;@9629756
2017-11-14 16:32:26,035 [main] DEBUG [org.apache.commons.beanutils.converters.ArrayConverter] - Converting 'String[]' value '[Ljava.lang.String;@9629756' to type 'String[]'
2017-11-14 16:32:26,035 [main] DEBUG [org.apache.commons.beanutils.converters.ArrayConverter] -     No conversion required, value is already a String[]
2017-11-14 16:32:26,035 [main] DEBUG [org.apache.commons.beanutils.converters.ArrayConverter] - Setting default value: [Ljava.lang.Class;@62ee68d8
2017-11-14 16:32:26,035 [main] DEBUG [org.apache.commons.beanutils.converters.ArrayConverter] - Converting 'Class[]' value '[Ljava.lang.Class;@62ee68d8' to type 'Class[]'
2017-11-14 16:32:26,035 [main] DEBUG [org.apache.commons.beanutils.converters.ArrayConverter] -     No conversion required, value is already a Class[]
2017-11-14 16:32:26,035 [main] DEBUG [org.apache.commons.beanutils.converters.ArrayConverter] - Setting default value: [Ljava.util.Date;@735b5592
2017-11-14 16:32:26,035 [main] DEBUG [org.apache.commons.beanutils.converters.ArrayConverter] - Converting 'Date[]' value '[Ljava.util.Date;@735b5592' to type 'Date[]'
2017-11-14 16:32:26,037 [main] DEBUG [org.apache.commons.beanutils.converters.ArrayConverter] -     No conversion required, value is already a Date[]
2017-11-14 16:32:26,037 [main] DEBUG [org.apache.commons.beanutils.converters.ArrayConverter] - Setting default value: [Ljava.util.Calendar;@4520ebad
2017-11-14 16:32:26,039 [main] DEBUG [org.apache.commons.beanutils.converters.ArrayConverter] - Converting 'Calendar[]' value '[Ljava.util.Calendar;@4520ebad' to type 'Calendar[]'
2017-11-14 16:32:26,039 [main] DEBUG [org.apache.commons.beanutils.converters.ArrayConverter] -     No conversion required, value is already a Calendar[]
2017-11-14 16:32:26,039 [main] DEBUG [org.apache.commons.beanutils.converters.ArrayConverter] - Setting default value: [Ljava.io.File;@7dc7cbad
2017-11-14 16:32:26,047 [main] DEBUG [org.apache.commons.beanutils.converters.ArrayConverter] - Converting 'java.io.File[]' value '[Ljava.io.File;@7dc7cbad' to type 'java.io.File[]'
2017-11-14 16:32:26,047 [main] DEBUG [org.apache.commons.beanutils.converters.ArrayConverter] -     No conversion required, value is already a java.io.File[]
2017-11-14 16:32:26,047 [main] DEBUG [org.apache.commons.beanutils.converters.ArrayConverter] - Setting default value: [Ljava.sql.Date;@4f933fd1
2017-11-14 16:32:26,048 [main] DEBUG [org.apache.commons.beanutils.converters.ArrayConverter] - Converting 'java.sql.Date[]' value '[Ljava.sql.Date;@4f933fd1' to type 'java.sql.Date[]'
2017-11-14 16:32:26,049 [main] DEBUG [org.apache.commons.beanutils.converters.ArrayConverter] -     No conversion required, value is already a java.sql.Date[]
2017-11-14 16:32:26,049 [main] DEBUG [org.apache.commons.beanutils.converters.ArrayConverter] - Setting default value: [Ljava.sql.Time;@1753acfe
2017-11-14 16:32:26,049 [main] DEBUG [org.apache.commons.beanutils.converters.ArrayConverter] - Converting 'java.sql.Time[]' value '[Ljava.sql.Time;@1753acfe' to type 'java.sql.Time[]'
2017-11-14 16:32:26,049 [main] DEBUG [org.apache.commons.beanutils.converters.ArrayConverter] -     No conversion required, value is already a java.sql.Time[]
2017-11-14 16:32:26,049 [main] DEBUG [org.apache.commons.beanutils.converters.ArrayConverter] - Setting default value: [Ljava.sql.Timestamp;@2a2d45ba
2017-11-14 16:32:26,050 [main] DEBUG [org.apache.commons.beanutils.converters.ArrayConverter] - Converting 'java.sql.Timestamp[]' value '[Ljava.sql.Timestamp;@2a2d45ba' to type 'java.sql.Timestamp[]'
2017-11-14 16:32:26,050 [main] DEBUG [org.apache.commons.beanutils.converters.ArrayConverter] -     No conversion required, value is already a java.sql.Timestamp[]
2017-11-14 16:32:26,050 [main] DEBUG [org.apache.commons.beanutils.converters.ArrayConverter] - Setting default value: [Ljava.net.URL;@20e2cbe0
2017-11-14 16:32:26,050 [main] DEBUG [org.apache.commons.beanutils.converters.ArrayConverter] - Converting 'java.net.URL[]' value '[Ljava.net.URL;@20e2cbe0' to type 'java.net.URL[]'
2017-11-14 16:32:26,050 [main] DEBUG [org.apache.commons.beanutils.converters.ArrayConverter] -     No conversion required, value is already a java.net.URL[]
2017-11-14 16:33:22,420 [main] DEBUG [org.apache.commons.beanutils.converters.BooleanConverter] - Setting default value: false
2017-11-14 16:33:22,420 [main] DEBUG [org.apache.commons.beanutils.converters.BooleanConverter] - Converting 'Boolean' value 'false' to type 'Boolean'
2017-11-14 16:33:22,421 [main] DEBUG [org.apache.commons.beanutils.converters.BooleanConverter] -     No conversion required, value is already a Boolean
2017-11-14 16:33:22,423 [main] DEBUG [org.apache.commons.beanutils.converters.ByteConverter] - Setting default value: 0
2017-11-14 16:33:22,423 [main] DEBUG [org.apache.commons.beanutils.converters.ByteConverter] - Converting 'Integer' value '0' to type 'Byte'
2017-11-14 16:33:22,423 [main] DEBUG [org.apache.commons.beanutils.converters.ByteConverter] -     Converted to Byte value '0'
2017-11-14 16:33:22,425 [main] DEBUG [org.apache.commons.beanutils.converters.CharacterConverter] - Setting default value:  
2017-11-14 16:33:22,425 [main] DEBUG [org.apache.commons.beanutils.converters.CharacterConverter] - Converting 'Character' value ' ' to type 'Character'
2017-11-14 16:33:22,425 [main] DEBUG [org.apache.commons.beanutils.converters.CharacterConverter] -     No conversion required, value is already a Character
2017-11-14 16:33:22,426 [main] DEBUG [org.apache.commons.beanutils.converters.DoubleConverter] - Setting default value: 0
2017-11-14 16:33:22,426 [main] DEBUG [org.apache.commons.beanutils.converters.DoubleConverter] - Converting 'Integer' value '0' to type 'Double'
2017-11-14 16:33:22,426 [main] DEBUG [org.apache.commons.beanutils.converters.DoubleConverter] -     Converted to Double value '0.0'
2017-11-14 16:33:22,427 [main] DEBUG [org.apache.commons.beanutils.converters.FloatConverter] - Setting default value: 0
2017-11-14 16:33:22,429 [main] DEBUG [org.apache.commons.beanutils.converters.FloatConverter] - Converting 'Integer' value '0' to type 'Float'
2017-11-14 16:33:22,429 [main] DEBUG [org.apache.commons.beanutils.converters.FloatConverter] -     Converted to Float value '0.0'
2017-11-14 16:33:22,451 [main] DEBUG [org.apache.commons.beanutils.converters.IntegerConverter] - Setting default value: 0
2017-11-14 16:33:22,451 [main] DEBUG [org.apache.commons.beanutils.converters.IntegerConverter] - Converting 'Integer' value '0' to type 'Integer'
2017-11-14 16:33:22,452 [main] DEBUG [org.apache.commons.beanutils.converters.IntegerConverter] -     No conversion required, value is already a Integer
2017-11-14 16:33:22,452 [main] DEBUG [org.apache.commons.beanutils.converters.LongConverter] - Setting default value: 0
2017-11-14 16:33:22,453 [main] DEBUG [org.apache.commons.beanutils.converters.LongConverter] - Converting 'Integer' value '0' to type 'Long'
2017-11-14 16:33:22,453 [main] DEBUG [org.apache.commons.beanutils.converters.LongConverter] -     Converted to Long value '0'
2017-11-14 16:33:22,455 [main] DEBUG [org.apache.commons.beanutils.converters.ShortConverter] - Setting default value: 0
2017-11-14 16:33:22,460 [main] DEBUG [org.apache.commons.beanutils.converters.ShortConverter] - Converting 'Integer' value '0' to type 'Short'
2017-11-14 16:33:22,471 [main] DEBUG [org.apache.commons.beanutils.converters.ShortConverter] -     Converted to Short value '0'
2017-11-14 16:33:22,476 [main] DEBUG [org.apache.commons.beanutils.converters.BigDecimalConverter] - Setting default value: 0.0
2017-11-14 16:33:22,476 [main] DEBUG [org.apache.commons.beanutils.converters.BigDecimalConverter] - Converting 'BigDecimal' value '0.0' to type 'BigDecimal'
2017-11-14 16:33:22,477 [main] DEBUG [org.apache.commons.beanutils.converters.BigDecimalConverter] -     No conversion required, value is already a BigDecimal
2017-11-14 16:33:22,481 [main] DEBUG [org.apache.commons.beanutils.converters.BigIntegerConverter] - Setting default value: 0
2017-11-14 16:33:22,481 [main] DEBUG [org.apache.commons.beanutils.converters.BigIntegerConverter] - Converting 'BigInteger' value '0' to type 'BigInteger'
2017-11-14 16:33:22,481 [main] DEBUG [org.apache.commons.beanutils.converters.BigIntegerConverter] -     No conversion required, value is already a BigInteger
2017-11-14 16:33:22,481 [main] DEBUG [org.apache.commons.beanutils.converters.BooleanConverter] - Setting default value: false
2017-11-14 16:33:22,482 [main] DEBUG [org.apache.commons.beanutils.converters.BooleanConverter] - Converting 'Boolean' value 'false' to type 'Boolean'
2017-11-14 16:33:22,482 [main] DEBUG [org.apache.commons.beanutils.converters.BooleanConverter] -     No conversion required, value is already a Boolean
2017-11-14 16:33:22,483 [main] DEBUG [org.apache.commons.beanutils.converters.ByteConverter] - Setting default value: 0
2017-11-14 16:33:22,483 [main] DEBUG [org.apache.commons.beanutils.converters.ByteConverter] - Converting 'Integer' value '0' to type 'Byte'
2017-11-14 16:33:22,483 [main] DEBUG [org.apache.commons.beanutils.converters.ByteConverter] -     Converted to Byte value '0'
2017-11-14 16:33:22,483 [main] DEBUG [org.apache.commons.beanutils.converters.CharacterConverter] - Setting default value:  
2017-11-14 16:33:22,483 [main] DEBUG [org.apache.commons.beanutils.converters.CharacterConverter] - Converting 'Character' value ' ' to type 'Character'
2017-11-14 16:33:22,483 [main] DEBUG [org.apache.commons.beanutils.converters.CharacterConverter] -     No conversion required, value is already a Character
2017-11-14 16:33:22,483 [main] DEBUG [org.apache.commons.beanutils.converters.DoubleConverter] - Setting default value: 0
2017-11-14 16:33:22,483 [main] DEBUG [org.apache.commons.beanutils.converters.DoubleConverter] - Converting 'Integer' value '0' to type 'Double'
2017-11-14 16:33:22,483 [main] DEBUG [org.apache.commons.beanutils.converters.DoubleConverter] -     Converted to Double value '0.0'
2017-11-14 16:33:22,483 [main] DEBUG [org.apache.commons.beanutils.converters.FloatConverter] - Setting default value: 0
2017-11-14 16:33:22,484 [main] DEBUG [org.apache.commons.beanutils.converters.FloatConverter] - Converting 'Integer' value '0' to type 'Float'
2017-11-14 16:33:22,484 [main] DEBUG [org.apache.commons.beanutils.converters.FloatConverter] -     Converted to Float value '0.0'
2017-11-14 16:33:22,485 [main] DEBUG [org.apache.commons.beanutils.converters.IntegerConverter] - Setting default value: 0
2017-11-14 16:33:22,485 [main] DEBUG [org.apache.commons.beanutils.converters.IntegerConverter] - Converting 'Integer' value '0' to type 'Integer'
2017-11-14 16:33:22,487 [main] DEBUG [org.apache.commons.beanutils.converters.IntegerConverter] -     No conversion required, value is already a Integer
2017-11-14 16:33:22,487 [main] DEBUG [org.apache.commons.beanutils.converters.LongConverter] - Setting default value: 0
2017-11-14 16:33:22,487 [main] DEBUG [org.apache.commons.beanutils.converters.LongConverter] - Converting 'Integer' value '0' to type 'Long'
2017-11-14 16:33:22,487 [main] DEBUG [org.apache.commons.beanutils.converters.LongConverter] -     Converted to Long value '0'
2017-11-14 16:33:22,487 [main] DEBUG [org.apache.commons.beanutils.converters.ShortConverter] - Setting default value: 0
2017-11-14 16:33:22,488 [main] DEBUG [org.apache.commons.beanutils.converters.ShortConverter] - Converting 'Integer' value '0' to type 'Short'
2017-11-14 16:33:22,488 [main] DEBUG [org.apache.commons.beanutils.converters.ShortConverter] -     Converted to Short value '0'
2017-11-14 16:33:22,489 [main] DEBUG [org.apache.commons.beanutils.converters.StringConverter] - Setting default value: 
2017-11-14 16:33:22,489 [main] DEBUG [org.apache.commons.beanutils.converters.StringConverter] - Converting 'String' value '' to type 'String'
2017-11-14 16:33:22,500 [main] DEBUG [org.apache.commons.beanutils.converters.ArrayConverter] - Setting default value: [Z@215be6bb
2017-11-14 16:33:22,500 [main] DEBUG [org.apache.commons.beanutils.converters.ArrayConverter] - Converting 'boolean[]' value '[Z@215be6bb' to type 'boolean[]'
2017-11-14 16:33:22,500 [main] DEBUG [org.apache.commons.beanutils.converters.ArrayConverter] -     No conversion required, value is already a boolean[]
2017-11-14 16:33:22,500 [main] DEBUG [org.apache.commons.beanutils.converters.ArrayConverter] - Setting default value: [B@4439f31e
2017-11-14 16:33:22,500 [main] DEBUG [org.apache.commons.beanutils.converters.ArrayConverter] - Converting 'byte[]' value '[B@4439f31e' to type 'byte[]'
2017-11-14 16:33:22,505 [main] DEBUG [org.apache.commons.beanutils.converters.ArrayConverter] -     No conversion required, value is already a byte[]
2017-11-14 16:33:22,505 [main] DEBUG [org.apache.commons.beanutils.converters.ArrayConverter] - Setting default value: [C@5dfcfece
2017-11-14 16:33:22,505 [main] DEBUG [org.apache.commons.beanutils.converters.ArrayConverter] - Converting 'char[]' value '[C@5dfcfece' to type 'char[]'
2017-11-14 16:33:22,507 [main] DEBUG [org.apache.commons.beanutils.converters.ArrayConverter] -     No conversion required, value is already a char[]
2017-11-14 16:33:22,508 [main] DEBUG [org.apache.commons.beanutils.converters.ArrayConverter] - Setting default value: [D@23ceabc1
2017-11-14 16:33:22,508 [main] DEBUG [org.apache.commons.beanutils.converters.ArrayConverter] - Converting 'double[]' value '[D@23ceabc1' to type 'double[]'
2017-11-14 16:33:22,508 [main] DEBUG [org.apache.commons.beanutils.converters.ArrayConverter] -     No conversion required, value is already a double[]
2017-11-14 16:33:22,508 [main] DEBUG [org.apache.commons.beanutils.converters.ArrayConverter] - Setting default value: [F@5d5eef3d
2017-11-14 16:33:22,508 [main] DEBUG [org.apache.commons.beanutils.converters.ArrayConverter] - Converting 'float[]' value '[F@5d5eef3d' to type 'float[]'
2017-11-14 16:33:22,508 [main] DEBUG [org.apache.commons.beanutils.converters.ArrayConverter] -     No conversion required, value is already a float[]
2017-11-14 16:33:22,508 [main] DEBUG [org.apache.commons.beanutils.converters.ArrayConverter] - Setting default value: [I@56f4468b
2017-11-14 16:33:22,508 [main] DEBUG [org.apache.commons.beanutils.converters.ArrayConverter] - Converting 'int[]' value '[I@56f4468b' to type 'int[]'
2017-11-14 16:33:22,508 [main] DEBUG [org.apache.commons.beanutils.converters.ArrayConverter] -     No conversion required, value is already a int[]
2017-11-14 16:33:22,508 [main] DEBUG [org.apache.commons.beanutils.converters.ArrayConverter] - Setting default value: [J@6cc4c815
2017-11-14 16:33:22,508 [main] DEBUG [org.apache.commons.beanutils.converters.ArrayConverter] - Converting 'long[]' value '[J@6cc4c815' to type 'long[]'
2017-11-14 16:33:22,508 [main] DEBUG [org.apache.commons.beanutils.converters.ArrayConverter] -     No conversion required, value is already a long[]
2017-11-14 16:33:22,508 [main] DEBUG [org.apache.commons.beanutils.converters.ArrayConverter] - Setting default value: [S@3a82f6ef
2017-11-14 16:33:22,508 [main] DEBUG [org.apache.commons.beanutils.converters.ArrayConverter] - Converting 'short[]' value '[S@3a82f6ef' to type 'short[]'
2017-11-14 16:33:22,508 [main] DEBUG [org.apache.commons.beanutils.converters.ArrayConverter] -     No conversion required, value is already a short[]
2017-11-14 16:33:22,508 [main] DEBUG [org.apache.commons.beanutils.converters.ArrayConverter] - Setting default value: [Ljava.math.BigDecimal;@100fc185
2017-11-14 16:33:22,509 [main] DEBUG [org.apache.commons.beanutils.converters.ArrayConverter] - Converting 'BigDecimal[]' value '[Ljava.math.BigDecimal;@100fc185' to type 'BigDecimal[]'
2017-11-14 16:33:22,509 [main] DEBUG [org.apache.commons.beanutils.converters.ArrayConverter] -     No conversion required, value is already a BigDecimal[]
2017-11-14 16:33:22,509 [main] DEBUG [org.apache.commons.beanutils.converters.ArrayConverter] - Setting default value: [Ljava.math.BigInteger;@643b1d11
2017-11-14 16:33:22,509 [main] DEBUG [org.apache.commons.beanutils.converters.ArrayConverter] - Converting 'BigInteger[]' value '[Ljava.math.BigInteger;@643b1d11' to type 'BigInteger[]'
2017-11-14 16:33:22,509 [main] DEBUG [org.apache.commons.beanutils.converters.ArrayConverter] -     No conversion required, value is already a BigInteger[]
2017-11-14 16:33:22,509 [main] DEBUG [org.apache.commons.beanutils.converters.ArrayConverter] - Setting default value: [Ljava.lang.Boolean;@2ef5e5e3
2017-11-14 16:33:22,509 [main] DEBUG [org.apache.commons.beanutils.converters.ArrayConverter] - Converting 'Boolean[]' value '[Ljava.lang.Boolean;@2ef5e5e3' to type 'Boolean[]'
2017-11-14 16:33:22,509 [main] DEBUG [org.apache.commons.beanutils.converters.ArrayConverter] -     No conversion required, value is already a Boolean[]
2017-11-14 16:33:22,510 [main] DEBUG [org.apache.commons.beanutils.converters.ArrayConverter] - Setting default value: [Ljava.lang.Byte;@36d4b5c
2017-11-14 16:33:22,510 [main] DEBUG [org.apache.commons.beanutils.converters.ArrayConverter] - Converting 'Byte[]' value '[Ljava.lang.Byte;@36d4b5c' to type 'Byte[]'
2017-11-14 16:33:22,510 [main] DEBUG [org.apache.commons.beanutils.converters.ArrayConverter] -     No conversion required, value is already a Byte[]
2017-11-14 16:33:22,510 [main] DEBUG [org.apache.commons.beanutils.converters.ArrayConverter] - Setting default value: [Ljava.lang.Character;@6d00a15d
2017-11-14 16:33:22,510 [main] DEBUG [org.apache.commons.beanutils.converters.ArrayConverter] - Converting 'Character[]' value '[Ljava.lang.Character;@6d00a15d' to type 'Character[]'
2017-11-14 16:33:22,510 [main] DEBUG [org.apache.commons.beanutils.converters.ArrayConverter] -     No conversion required, value is already a Character[]
2017-11-14 16:33:22,510 [main] DEBUG [org.apache.commons.beanutils.converters.ArrayConverter] - Setting default value: [Ljava.lang.Double;@51efea79
2017-11-14 16:33:22,510 [main] DEBUG [org.apache.commons.beanutils.converters.ArrayConverter] - Converting 'Double[]' value '[Ljava.lang.Double;@51efea79' to type 'Double[]'
2017-11-14 16:33:22,510 [main] DEBUG [org.apache.commons.beanutils.converters.ArrayConverter] -     No conversion required, value is already a Double[]
2017-11-14 16:33:22,510 [main] DEBUG [org.apache.commons.beanutils.converters.ArrayConverter] - Setting default value: [Ljava.lang.Float;@5034c75a
2017-11-14 16:33:22,511 [main] DEBUG [org.apache.commons.beanutils.converters.ArrayConverter] - Converting 'Float[]' value '[Ljava.lang.Float;@5034c75a' to type 'Float[]'
2017-11-14 16:33:22,511 [main] DEBUG [org.apache.commons.beanutils.converters.ArrayConverter] -     No conversion required, value is already a Float[]
2017-11-14 16:33:22,511 [main] DEBUG [org.apache.commons.beanutils.converters.ArrayConverter] - Setting default value: [Ljava.lang.Integer;@396a51ab
2017-11-14 16:33:22,511 [main] DEBUG [org.apache.commons.beanutils.converters.ArrayConverter] - Converting 'Integer[]' value '[Ljava.lang.Integer;@396a51ab' to type 'Integer[]'
2017-11-14 16:33:22,511 [main] DEBUG [org.apache.commons.beanutils.converters.ArrayConverter] -     No conversion required, value is already a Integer[]
2017-11-14 16:33:22,511 [main] DEBUG [org.apache.commons.beanutils.converters.ArrayConverter] - Setting default value: [Ljava.lang.Long;@51081592
2017-11-14 16:33:22,511 [main] DEBUG [org.apache.commons.beanutils.converters.ArrayConverter] - Converting 'Long[]' value '[Ljava.lang.Long;@51081592' to type 'Long[]'
2017-11-14 16:33:22,512 [main] DEBUG [org.apache.commons.beanutils.converters.ArrayConverter] -     No conversion required, value is already a Long[]
2017-11-14 16:33:22,512 [main] DEBUG [org.apache.commons.beanutils.converters.ArrayConverter] - Setting default value: [Ljava.lang.Short;@7f9a81e8
2017-11-14 16:33:22,512 [main] DEBUG [org.apache.commons.beanutils.converters.ArrayConverter] - Converting 'Short[]' value '[Ljava.lang.Short;@7f9a81e8' to type 'Short[]'
2017-11-14 16:33:22,512 [main] DEBUG [org.apache.commons.beanutils.converters.ArrayConverter] -     No conversion required, value is already a Short[]
2017-11-14 16:33:22,512 [main] DEBUG [org.apache.commons.beanutils.converters.ArrayConverter] - Setting default value: [Ljava.lang.String;@9629756
2017-11-14 16:33:22,512 [main] DEBUG [org.apache.commons.beanutils.converters.ArrayConverter] - Converting 'String[]' value '[Ljava.lang.String;@9629756' to type 'String[]'
2017-11-14 16:33:22,512 [main] DEBUG [org.apache.commons.beanutils.converters.ArrayConverter] -     No conversion required, value is already a String[]
2017-11-14 16:33:22,512 [main] DEBUG [org.apache.commons.beanutils.converters.ArrayConverter] - Setting default value: [Ljava.lang.Class;@62ee68d8
2017-11-14 16:33:22,512 [main] DEBUG [org.apache.commons.beanutils.converters.ArrayConverter] - Converting 'Class[]' value '[Ljava.lang.Class;@62ee68d8' to type 'Class[]'
2017-11-14 16:33:22,514 [main] DEBUG [org.apache.commons.beanutils.converters.ArrayConverter] -     No conversion required, value is already a Class[]
2017-11-14 16:33:22,514 [main] DEBUG [org.apache.commons.beanutils.converters.ArrayConverter] - Setting default value: [Ljava.util.Date;@735b5592
2017-11-14 16:33:22,514 [main] DEBUG [org.apache.commons.beanutils.converters.ArrayConverter] - Converting 'Date[]' value '[Ljava.util.Date;@735b5592' to type 'Date[]'
2017-11-14 16:33:22,515 [main] DEBUG [org.apache.commons.beanutils.converters.ArrayConverter] -     No conversion required, value is already a Date[]
2017-11-14 16:33:22,515 [main] DEBUG [org.apache.commons.beanutils.converters.ArrayConverter] - Setting default value: [Ljava.util.Calendar;@4520ebad
2017-11-14 16:33:22,516 [main] DEBUG [org.apache.commons.beanutils.converters.ArrayConverter] - Converting 'Calendar[]' value '[Ljava.util.Calendar;@4520ebad' to type 'Calendar[]'
2017-11-14 16:33:22,516 [main] DEBUG [org.apache.commons.beanutils.converters.ArrayConverter] -     No conversion required, value is already a Calendar[]
2017-11-14 16:33:22,516 [main] DEBUG [org.apache.commons.beanutils.converters.ArrayConverter] - Setting default value: [Ljava.io.File;@7dc7cbad
2017-11-14 16:33:22,519 [main] DEBUG [org.apache.commons.beanutils.converters.ArrayConverter] - Converting 'java.io.File[]' value '[Ljava.io.File;@7dc7cbad' to type 'java.io.File[]'
2017-11-14 16:33:22,521 [main] DEBUG [org.apache.commons.beanutils.converters.ArrayConverter] -     No conversion required, value is already a java.io.File[]
2017-11-14 16:33:22,521 [main] DEBUG [org.apache.commons.beanutils.converters.ArrayConverter] - Setting default value: [Ljava.sql.Date;@4f933fd1
2017-11-14 16:33:22,521 [main] DEBUG [org.apache.commons.beanutils.converters.ArrayConverter] - Converting 'java.sql.Date[]' value '[Ljava.sql.Date;@4f933fd1' to type 'java.sql.Date[]'
2017-11-14 16:33:22,522 [main] DEBUG [org.apache.commons.beanutils.converters.ArrayConverter] -     No conversion required, value is already a java.sql.Date[]
2017-11-14 16:33:22,524 [main] DEBUG [org.apache.commons.beanutils.converters.ArrayConverter] - Setting default value: [Ljava.sql.Time;@1753acfe
2017-11-14 16:33:22,524 [main] DEBUG [org.apache.commons.beanutils.converters.ArrayConverter] - Converting 'java.sql.Time[]' value '[Ljava.sql.Time;@1753acfe' to type 'java.sql.Time[]'
2017-11-14 16:33:22,524 [main] DEBUG [org.apache.commons.beanutils.converters.ArrayConverter] -     No conversion required, value is already a java.sql.Time[]
2017-11-14 16:33:22,525 [main] DEBUG [org.apache.commons.beanutils.converters.ArrayConverter] - Setting default value: [Ljava.sql.Timestamp;@2a2d45ba
2017-11-14 16:33:22,525 [main] DEBUG [org.apache.commons.beanutils.converters.ArrayConverter] - Converting 'java.sql.Timestamp[]' value '[Ljava.sql.Timestamp;@2a2d45ba' to type 'java.sql.Timestamp[]'
2017-11-14 16:33:22,525 [main] DEBUG [org.apache.commons.beanutils.converters.ArrayConverter] -     No conversion required, value is already a java.sql.Timestamp[]
2017-11-14 16:33:22,525 [main] DEBUG [org.apache.commons.beanutils.converters.ArrayConverter] - Setting default value: [Ljava.net.URL;@20e2cbe0
2017-11-14 16:33:22,525 [main] DEBUG [org.apache.commons.beanutils.converters.ArrayConverter] - Converting 'java.net.URL[]' value '[Ljava.net.URL;@20e2cbe0' to type 'java.net.URL[]'
2017-11-14 16:33:22,525 [main] DEBUG [org.apache.commons.beanutils.converters.ArrayConverter] -     No conversion required, value is already a java.net.URL[]
2017-11-14 16:34:04,508 [main] DEBUG [org.apache.commons.beanutils.converters.BooleanConverter] - Setting default value: false
2017-11-14 16:34:04,509 [main] DEBUG [org.apache.commons.beanutils.converters.BooleanConverter] - Converting 'Boolean' value 'false' to type 'Boolean'
2017-11-14 16:34:04,509 [main] DEBUG [org.apache.commons.beanutils.converters.BooleanConverter] -     No conversion required, value is already a Boolean
2017-11-14 16:34:04,513 [main] DEBUG [org.apache.commons.beanutils.converters.ByteConverter] - Setting default value: 0
2017-11-14 16:34:04,513 [main] DEBUG [org.apache.commons.beanutils.converters.ByteConverter] - Converting 'Integer' value '0' to type 'Byte'
2017-11-14 16:34:04,513 [main] DEBUG [org.apache.commons.beanutils.converters.ByteConverter] -     Converted to Byte value '0'
2017-11-14 16:34:04,514 [main] DEBUG [org.apache.commons.beanutils.converters.CharacterConverter] - Setting default value:  
2017-11-14 16:34:04,514 [main] DEBUG [org.apache.commons.beanutils.converters.CharacterConverter] - Converting 'Character' value ' ' to type 'Character'
2017-11-14 16:34:04,515 [main] DEBUG [org.apache.commons.beanutils.converters.CharacterConverter] -     No conversion required, value is already a Character
2017-11-14 16:34:04,515 [main] DEBUG [org.apache.commons.beanutils.converters.DoubleConverter] - Setting default value: 0
2017-11-14 16:34:04,516 [main] DEBUG [org.apache.commons.beanutils.converters.DoubleConverter] - Converting 'Integer' value '0' to type 'Double'
2017-11-14 16:34:04,516 [main] DEBUG [org.apache.commons.beanutils.converters.DoubleConverter] -     Converted to Double value '0.0'
2017-11-14 16:34:04,517 [main] DEBUG [org.apache.commons.beanutils.converters.FloatConverter] - Setting default value: 0
2017-11-14 16:34:04,518 [main] DEBUG [org.apache.commons.beanutils.converters.FloatConverter] - Converting 'Integer' value '0' to type 'Float'
2017-11-14 16:34:04,518 [main] DEBUG [org.apache.commons.beanutils.converters.FloatConverter] -     Converted to Float value '0.0'
2017-11-14 16:34:04,521 [main] DEBUG [org.apache.commons.beanutils.converters.IntegerConverter] - Setting default value: 0
2017-11-14 16:34:04,522 [main] DEBUG [org.apache.commons.beanutils.converters.IntegerConverter] - Converting 'Integer' value '0' to type 'Integer'
2017-11-14 16:34:04,522 [main] DEBUG [org.apache.commons.beanutils.converters.IntegerConverter] -     No conversion required, value is already a Integer
2017-11-14 16:34:04,523 [main] DEBUG [org.apache.commons.beanutils.converters.LongConverter] - Setting default value: 0
2017-11-14 16:34:04,524 [main] DEBUG [org.apache.commons.beanutils.converters.LongConverter] - Converting 'Integer' value '0' to type 'Long'
2017-11-14 16:34:04,524 [main] DEBUG [org.apache.commons.beanutils.converters.LongConverter] -     Converted to Long value '0'
2017-11-14 16:34:04,524 [main] DEBUG [org.apache.commons.beanutils.converters.ShortConverter] - Setting default value: 0
2017-11-14 16:34:04,525 [main] DEBUG [org.apache.commons.beanutils.converters.ShortConverter] - Converting 'Integer' value '0' to type 'Short'
2017-11-14 16:34:04,525 [main] DEBUG [org.apache.commons.beanutils.converters.ShortConverter] -     Converted to Short value '0'
2017-11-14 16:34:04,527 [main] DEBUG [org.apache.commons.beanutils.converters.BigDecimalConverter] - Setting default value: 0.0
2017-11-14 16:34:04,527 [main] DEBUG [org.apache.commons.beanutils.converters.BigDecimalConverter] - Converting 'BigDecimal' value '0.0' to type 'BigDecimal'
2017-11-14 16:34:04,530 [main] DEBUG [org.apache.commons.beanutils.converters.BigDecimalConverter] -     No conversion required, value is already a BigDecimal
2017-11-14 16:34:04,530 [main] DEBUG [org.apache.commons.beanutils.converters.BigIntegerConverter] - Setting default value: 0
2017-11-14 16:34:04,531 [main] DEBUG [org.apache.commons.beanutils.converters.BigIntegerConverter] - Converting 'BigInteger' value '0' to type 'BigInteger'
2017-11-14 16:34:04,531 [main] DEBUG [org.apache.commons.beanutils.converters.BigIntegerConverter] -     No conversion required, value is already a BigInteger
2017-11-14 16:34:04,531 [main] DEBUG [org.apache.commons.beanutils.converters.BooleanConverter] - Setting default value: false
2017-11-14 16:34:04,531 [main] DEBUG [org.apache.commons.beanutils.converters.BooleanConverter] - Converting 'Boolean' value 'false' to type 'Boolean'
2017-11-14 16:34:04,532 [main] DEBUG [org.apache.commons.beanutils.converters.BooleanConverter] -     No conversion required, value is already a Boolean
2017-11-14 16:34:04,532 [main] DEBUG [org.apache.commons.beanutils.converters.ByteConverter] - Setting default value: 0
2017-11-14 16:34:04,532 [main] DEBUG [org.apache.commons.beanutils.converters.ByteConverter] - Converting 'Integer' value '0' to type 'Byte'
2017-11-14 16:34:04,532 [main] DEBUG [org.apache.commons.beanutils.converters.ByteConverter] -     Converted to Byte value '0'
2017-11-14 16:34:04,532 [main] DEBUG [org.apache.commons.beanutils.converters.CharacterConverter] - Setting default value:  
2017-11-14 16:34:04,533 [main] DEBUG [org.apache.commons.beanutils.converters.CharacterConverter] - Converting 'Character' value ' ' to type 'Character'
2017-11-14 16:34:04,533 [main] DEBUG [org.apache.commons.beanutils.converters.CharacterConverter] -     No conversion required, value is already a Character
2017-11-14 16:34:04,533 [main] DEBUG [org.apache.commons.beanutils.converters.DoubleConverter] - Setting default value: 0
2017-11-14 16:34:04,533 [main] DEBUG [org.apache.commons.beanutils.converters.DoubleConverter] - Converting 'Integer' value '0' to type 'Double'
2017-11-14 16:34:04,533 [main] DEBUG [org.apache.commons.beanutils.converters.DoubleConverter] -     Converted to Double value '0.0'
2017-11-14 16:34:04,533 [main] DEBUG [org.apache.commons.beanutils.converters.FloatConverter] - Setting default value: 0
2017-11-14 16:34:04,533 [main] DEBUG [org.apache.commons.beanutils.converters.FloatConverter] - Converting 'Integer' value '0' to type 'Float'
2017-11-14 16:34:04,534 [main] DEBUG [org.apache.commons.beanutils.converters.FloatConverter] -     Converted to Float value '0.0'
2017-11-14 16:34:04,534 [main] DEBUG [org.apache.commons.beanutils.converters.IntegerConverter] - Setting default value: 0
2017-11-14 16:34:04,534 [main] DEBUG [org.apache.commons.beanutils.converters.IntegerConverter] - Converting 'Integer' value '0' to type 'Integer'
2017-11-14 16:34:04,534 [main] DEBUG [org.apache.commons.beanutils.converters.IntegerConverter] -     No conversion required, value is already a Integer
2017-11-14 16:34:04,534 [main] DEBUG [org.apache.commons.beanutils.converters.LongConverter] - Setting default value: 0
2017-11-14 16:34:04,534 [main] DEBUG [org.apache.commons.beanutils.converters.LongConverter] - Converting 'Integer' value '0' to type 'Long'
2017-11-14 16:34:04,537 [main] DEBUG [org.apache.commons.beanutils.converters.LongConverter] -     Converted to Long value '0'
2017-11-14 16:34:04,537 [main] DEBUG [org.apache.commons.beanutils.converters.ShortConverter] - Setting default value: 0
2017-11-14 16:34:04,539 [main] DEBUG [org.apache.commons.beanutils.converters.ShortConverter] - Converting 'Integer' value '0' to type 'Short'
2017-11-14 16:34:04,540 [main] DEBUG [org.apache.commons.beanutils.converters.ShortConverter] -     Converted to Short value '0'
2017-11-14 16:34:04,540 [main] DEBUG [org.apache.commons.beanutils.converters.StringConverter] - Setting default value: 
2017-11-14 16:34:04,540 [main] DEBUG [org.apache.commons.beanutils.converters.StringConverter] - Converting 'String' value '' to type 'String'
2017-11-14 16:34:04,554 [main] DEBUG [org.apache.commons.beanutils.converters.ArrayConverter] - Setting default value: [Z@215be6bb
2017-11-14 16:34:04,554 [main] DEBUG [org.apache.commons.beanutils.converters.ArrayConverter] - Converting 'boolean[]' value '[Z@215be6bb' to type 'boolean[]'
2017-11-14 16:34:04,554 [main] DEBUG [org.apache.commons.beanutils.converters.ArrayConverter] -     No conversion required, value is already a boolean[]
2017-11-14 16:34:04,554 [main] DEBUG [org.apache.commons.beanutils.converters.ArrayConverter] - Setting default value: [B@4439f31e
2017-11-14 16:34:04,554 [main] DEBUG [org.apache.commons.beanutils.converters.ArrayConverter] - Converting 'byte[]' value '[B@4439f31e' to type 'byte[]'
2017-11-14 16:34:04,554 [main] DEBUG [org.apache.commons.beanutils.converters.ArrayConverter] -     No conversion required, value is already a byte[]
2017-11-14 16:34:04,561 [main] DEBUG [org.apache.commons.beanutils.converters.ArrayConverter] - Setting default value: [C@5dfcfece
2017-11-14 16:34:04,561 [main] DEBUG [org.apache.commons.beanutils.converters.ArrayConverter] - Converting 'char[]' value '[C@5dfcfece' to type 'char[]'
2017-11-14 16:34:04,561 [main] DEBUG [org.apache.commons.beanutils.converters.ArrayConverter] -     No conversion required, value is already a char[]
2017-11-14 16:34:04,561 [main] DEBUG [org.apache.commons.beanutils.converters.ArrayConverter] - Setting default value: [D@23ceabc1
2017-11-14 16:34:04,561 [main] DEBUG [org.apache.commons.beanutils.converters.ArrayConverter] - Converting 'double[]' value '[D@23ceabc1' to type 'double[]'
2017-11-14 16:34:04,561 [main] DEBUG [org.apache.commons.beanutils.converters.ArrayConverter] -     No conversion required, value is already a double[]
2017-11-14 16:34:04,561 [main] DEBUG [org.apache.commons.beanutils.converters.ArrayConverter] - Setting default value: [F@5d5eef3d
2017-11-14 16:34:04,562 [main] DEBUG [org.apache.commons.beanutils.converters.ArrayConverter] - Converting 'float[]' value '[F@5d5eef3d' to type 'float[]'
2017-11-14 16:34:04,562 [main] DEBUG [org.apache.commons.beanutils.converters.ArrayConverter] -     No conversion required, value is already a float[]
2017-11-14 16:34:04,562 [main] DEBUG [org.apache.commons.beanutils.converters.ArrayConverter] - Setting default value: [I@56f4468b
2017-11-14 16:34:04,562 [main] DEBUG [org.apache.commons.beanutils.converters.ArrayConverter] - Converting 'int[]' value '[I@56f4468b' to type 'int[]'
2017-11-14 16:34:04,562 [main] DEBUG [org.apache.commons.beanutils.converters.ArrayConverter] -     No conversion required, value is already a int[]
2017-11-14 16:34:04,562 [main] DEBUG [org.apache.commons.beanutils.converters.ArrayConverter] - Setting default value: [J@6cc4c815
2017-11-14 16:34:04,567 [main] DEBUG [org.apache.commons.beanutils.converters.ArrayConverter] - Converting 'long[]' value '[J@6cc4c815' to type 'long[]'
2017-11-14 16:34:04,567 [main] DEBUG [org.apache.commons.beanutils.converters.ArrayConverter] -     No conversion required, value is already a long[]
2017-11-14 16:34:04,567 [main] DEBUG [org.apache.commons.beanutils.converters.ArrayConverter] - Setting default value: [S@3a82f6ef
2017-11-14 16:34:04,567 [main] DEBUG [org.apache.commons.beanutils.converters.ArrayConverter] - Converting 'short[]' value '[S@3a82f6ef' to type 'short[]'
2017-11-14 16:34:04,567 [main] DEBUG [org.apache.commons.beanutils.converters.ArrayConverter] -     No conversion required, value is already a short[]
2017-11-14 16:34:04,568 [main] DEBUG [org.apache.commons.beanutils.converters.ArrayConverter] - Setting default value: [Ljava.math.BigDecimal;@100fc185
2017-11-14 16:34:04,568 [main] DEBUG [org.apache.commons.beanutils.converters.ArrayConverter] - Converting 'BigDecimal[]' value '[Ljava.math.BigDecimal;@100fc185' to type 'BigDecimal[]'
2017-11-14 16:34:04,568 [main] DEBUG [org.apache.commons.beanutils.converters.ArrayConverter] -     No conversion required, value is already a BigDecimal[]
2017-11-14 16:34:04,568 [main] DEBUG [org.apache.commons.beanutils.converters.ArrayConverter] - Setting default value: [Ljava.math.BigInteger;@643b1d11
2017-11-14 16:34:04,568 [main] DEBUG [org.apache.commons.beanutils.converters.ArrayConverter] - Converting 'BigInteger[]' value '[Ljava.math.BigInteger;@643b1d11' to type 'BigInteger[]'
2017-11-14 16:34:04,568 [main] DEBUG [org.apache.commons.beanutils.converters.ArrayConverter] -     No conversion required, value is already a BigInteger[]
2017-11-14 16:34:04,568 [main] DEBUG [org.apache.commons.beanutils.converters.ArrayConverter] - Setting default value: [Ljava.lang.Boolean;@2ef5e5e3
2017-11-14 16:34:04,568 [main] DEBUG [org.apache.commons.beanutils.converters.ArrayConverter] - Converting 'Boolean[]' value '[Ljava.lang.Boolean;@2ef5e5e3' to type 'Boolean[]'
2017-11-14 16:34:04,568 [main] DEBUG [org.apache.commons.beanutils.converters.ArrayConverter] -     No conversion required, value is already a Boolean[]
2017-11-14 16:34:04,568 [main] DEBUG [org.apache.commons.beanutils.converters.ArrayConverter] - Setting default value: [Ljava.lang.Byte;@36d4b5c
2017-11-14 16:34:04,568 [main] DEBUG [org.apache.commons.beanutils.converters.ArrayConverter] - Converting 'Byte[]' value '[Ljava.lang.Byte;@36d4b5c' to type 'Byte[]'
2017-11-14 16:34:04,568 [main] DEBUG [org.apache.commons.beanutils.converters.ArrayConverter] -     No conversion required, value is already a Byte[]
2017-11-14 16:34:04,569 [main] DEBUG [org.apache.commons.beanutils.converters.ArrayConverter] - Setting default value: [Ljava.lang.Character;@6d00a15d
2017-11-14 16:34:04,570 [main] DEBUG [org.apache.commons.beanutils.converters.ArrayConverter] - Converting 'Character[]' value '[Ljava.lang.Character;@6d00a15d' to type 'Character[]'
2017-11-14 16:34:04,570 [main] DEBUG [org.apache.commons.beanutils.converters.ArrayConverter] -     No conversion required, value is already a Character[]
2017-11-14 16:34:04,570 [main] DEBUG [org.apache.commons.beanutils.converters.ArrayConverter] - Setting default value: [Ljava.lang.Double;@51efea79
2017-11-14 16:34:04,570 [main] DEBUG [org.apache.commons.beanutils.converters.ArrayConverter] - Converting 'Double[]' value '[Ljava.lang.Double;@51efea79' to type 'Double[]'
2017-11-14 16:34:04,570 [main] DEBUG [org.apache.commons.beanutils.converters.ArrayConverter] -     No conversion required, value is already a Double[]
2017-11-14 16:34:04,570 [main] DEBUG [org.apache.commons.beanutils.converters.ArrayConverter] - Setting default value: [Ljava.lang.Float;@5034c75a
2017-11-14 16:34:04,570 [main] DEBUG [org.apache.commons.beanutils.converters.ArrayConverter] - Converting 'Float[]' value '[Ljava.lang.Float;@5034c75a' to type 'Float[]'
2017-11-14 16:34:04,570 [main] DEBUG [org.apache.commons.beanutils.converters.ArrayConverter] -     No conversion required, value is already a Float[]
2017-11-14 16:34:04,573 [main] DEBUG [org.apache.commons.beanutils.converters.ArrayConverter] - Setting default value: [Ljava.lang.Integer;@396a51ab
2017-11-14 16:34:04,612 [main] DEBUG [org.apache.commons.beanutils.converters.ArrayConverter] - Converting 'Integer[]' value '[Ljava.lang.Integer;@396a51ab' to type 'Integer[]'
2017-11-14 16:34:04,612 [main] DEBUG [org.apache.commons.beanutils.converters.ArrayConverter] -     No conversion required, value is already a Integer[]
2017-11-14 16:34:04,612 [main] DEBUG [org.apache.commons.beanutils.converters.ArrayConverter] - Setting default value: [Ljava.lang.Long;@51081592
2017-11-14 16:34:04,612 [main] DEBUG [org.apache.commons.beanutils.converters.ArrayConverter] - Converting 'Long[]' value '[Ljava.lang.Long;@51081592' to type 'Long[]'
2017-11-14 16:34:04,612 [main] DEBUG [org.apache.commons.beanutils.converters.ArrayConverter] -     No conversion required, value is already a Long[]
2017-11-14 16:34:04,613 [main] DEBUG [org.apache.commons.beanutils.converters.ArrayConverter] - Setting default value: [Ljava.lang.Short;@7f9a81e8
2017-11-14 16:34:04,613 [main] DEBUG [org.apache.commons.beanutils.converters.ArrayConverter] - Converting 'Short[]' value '[Ljava.lang.Short;@7f9a81e8' to type 'Short[]'
2017-11-14 16:34:04,613 [main] DEBUG [org.apache.commons.beanutils.converters.ArrayConverter] -     No conversion required, value is already a Short[]
2017-11-14 16:34:04,613 [main] DEBUG [org.apache.commons.beanutils.converters.ArrayConverter] - Setting default value: [Ljava.lang.String;@9629756
2017-11-14 16:34:04,613 [main] DEBUG [org.apache.commons.beanutils.converters.ArrayConverter] - Converting 'String[]' value '[Ljava.lang.String;@9629756' to type 'String[]'
2017-11-14 16:34:04,613 [main] DEBUG [org.apache.commons.beanutils.converters.ArrayConverter] -     No conversion required, value is already a String[]
2017-11-14 16:34:04,613 [main] DEBUG [org.apache.commons.beanutils.converters.ArrayConverter] - Setting default value: [Ljava.lang.Class;@62ee68d8
2017-11-14 16:34:04,613 [main] DEBUG [org.apache.commons.beanutils.converters.ArrayConverter] - Converting 'Class[]' value '[Ljava.lang.Class;@62ee68d8' to type 'Class[]'
2017-11-14 16:34:04,613 [main] DEBUG [org.apache.commons.beanutils.converters.ArrayConverter] -     No conversion required, value is already a Class[]
2017-11-14 16:34:04,613 [main] DEBUG [org.apache.commons.beanutils.converters.ArrayConverter] - Setting default value: [Ljava.util.Date;@735b5592
2017-11-14 16:34:04,613 [main] DEBUG [org.apache.commons.beanutils.converters.ArrayConverter] - Converting 'Date[]' value '[Ljava.util.Date;@735b5592' to type 'Date[]'
2017-11-14 16:34:04,613 [main] DEBUG [org.apache.commons.beanutils.converters.ArrayConverter] -     No conversion required, value is already a Date[]
2017-11-14 16:34:04,613 [main] DEBUG [org.apache.commons.beanutils.converters.ArrayConverter] - Setting default value: [Ljava.util.Calendar;@4520ebad
2017-11-14 16:34:04,613 [main] DEBUG [org.apache.commons.beanutils.converters.ArrayConverter] - Converting 'Calendar[]' value '[Ljava.util.Calendar;@4520ebad' to type 'Calendar[]'
2017-11-14 16:34:04,613 [main] DEBUG [org.apache.commons.beanutils.converters.ArrayConverter] -     No conversion required, value is already a Calendar[]
2017-11-14 16:34:04,613 [main] DEBUG [org.apache.commons.beanutils.converters.ArrayConverter] - Setting default value: [Ljava.io.File;@7dc7cbad
2017-11-14 16:34:04,613 [main] DEBUG [org.apache.commons.beanutils.converters.ArrayConverter] - Converting 'java.io.File[]' value '[Ljava.io.File;@7dc7cbad' to type 'java.io.File[]'
2017-11-14 16:34:04,613 [main] DEBUG [org.apache.commons.beanutils.converters.ArrayConverter] -     No conversion required, value is already a java.io.File[]
2017-11-14 16:34:04,614 [main] DEBUG [org.apache.commons.beanutils.converters.ArrayConverter] - Setting default value: [Ljava.sql.Date;@4f933fd1
2017-11-14 16:34:04,614 [main] DEBUG [org.apache.commons.beanutils.converters.ArrayConverter] - Converting 'java.sql.Date[]' value '[Ljava.sql.Date;@4f933fd1' to type 'java.sql.Date[]'
2017-11-14 16:34:04,614 [main] DEBUG [org.apache.commons.beanutils.converters.ArrayConverter] -     No conversion required, value is already a java.sql.Date[]
2017-11-14 16:34:04,620 [main] DEBUG [org.apache.commons.beanutils.converters.ArrayConverter] - Setting default value: [Ljava.sql.Time;@1753acfe
2017-11-14 16:34:04,621 [main] DEBUG [org.apache.commons.beanutils.converters.ArrayConverter] - Converting 'java.sql.Time[]' value '[Ljava.sql.Time;@1753acfe' to type 'java.sql.Time[]'
2017-11-14 16:34:04,621 [main] DEBUG [org.apache.commons.beanutils.converters.ArrayConverter] -     No conversion required, value is already a java.sql.Time[]
2017-11-14 16:34:04,621 [main] DEBUG [org.apache.commons.beanutils.converters.ArrayConverter] - Setting default value: [Ljava.sql.Timestamp;@2a2d45ba
2017-11-14 16:34:04,621 [main] DEBUG [org.apache.commons.beanutils.converters.ArrayConverter] - Converting 'java.sql.Timestamp[]' value '[Ljava.sql.Timestamp;@2a2d45ba' to type 'java.sql.Timestamp[]'
2017-11-14 16:34:04,621 [main] DEBUG [org.apache.commons.beanutils.converters.ArrayConverter] -     No conversion required, value is already a java.sql.Timestamp[]
2017-11-14 16:34:04,621 [main] DEBUG [org.apache.commons.beanutils.converters.ArrayConverter] - Setting default value: [Ljava.net.URL;@20e2cbe0
2017-11-14 16:34:04,621 [main] DEBUG [org.apache.commons.beanutils.converters.ArrayConverter] - Converting 'java.net.URL[]' value '[Ljava.net.URL;@20e2cbe0' to type 'java.net.URL[]'
2017-11-14 16:34:04,621 [main] DEBUG [org.apache.commons.beanutils.converters.ArrayConverter] -     No conversion required, value is already a java.net.URL[]
